This file contains any messages produced by compilers while
running configure, to aid debugging if configure makes a mistake.

It was created by dns2tcp configure 0.5.2, which was
generated by GNU Autoconf 2.65.  Invocation command line was

  $ ./configure 

## --------- ##
## Platform. ##
## --------- ##

hostname = localhost
uname -m = armv8l
uname -r = 4.19.127-22945975
uname -s = Linux
uname -v = #1 SMP PREEMPT Mon Apr 24 13:16:03 KST 2023

/usr/bin/uname -p = unknown
/bin/uname -X     = unknown

/bin/arch              = unknown
/usr/bin/arch -k       = unknown
/usr/convex/getsysinfo = unknown
/usr/bin/hostinfo      = unknown
/bin/machine           = unknown
/usr/bin/oslevel       = unknown
/bin/universe          = unknown

PATH: /data/data/com.termux/files/usr/bin


## ----------- ##
## Core tests. ##
## ----------- ##

configure:2093: checking for a BSD-compatible install
configure:2161: result: /data/data/com.termux/files/usr/bin/install -c
configure:2172: checking whether build environment is sane
configure:2222: result: yes
configure:2363: checking for a thread-safe mkdir -p
configure:2402: result: /data/data/com.termux/files/usr/bin/mkdir -p
configure:2415: checking for gawk
configure:2431: found /data/data/com.termux/files/usr/bin/gawk
configure:2442: result: gawk
configure:2453: checking whether make sets $(MAKE)
configure:2475: result: yes
configure:2605: checking for gcc
configure:2621: found /data/data/com.termux/files/usr/bin/gcc
configure:2632: result: gcc
configure:2861: checking for C compiler version
configure:2870: gcc --version >&5
clang version 21.1.8
Target: armv7a-unknown-linux-android24
Thread model: posix
InstalledDir: /data/data/com.termux/files/usr/bin
configure:2881: $? = 0
configure:2870: gcc -v >&5
clang version 21.1.8
Target: armv7a-unknown-linux-android24
Thread model: posix
InstalledDir: /data/data/com.termux/files/usr/bin
configure:2881: $? = 0
configure:2870: gcc -V >&5
gcc: error: argument to '-V' is missing (expected 1 value)
gcc: error: no input files
configure:2881: $? = 1
configure:2870: gcc -qversion >&5
gcc: error: unknown argument '-qversion'; did you mean '--version'?
gcc: error: no input files
configure:2881: $? = 1
configure:2901: checking whether the C compiler works
configure:2923: gcc -fcommon   conftest.c  >&5
configure:2927: $? = 0
configure:2976: result: yes
configure:2979: checking for C compiler default output file name
configure:2981: result: a.out
configure:2987: checking for suffix of executables
configure:2994: gcc -o conftest -fcommon   conftest.c  >&5
configure:2998: $? = 0
configure:3020: result: 
configure:3042: checking whether we are cross compiling
configure:3050: gcc -o conftest -fcommon   conftest.c  >&5
configure:3054: $? = 0
configure:3061: ./conftest
configure:3065: $? = 0
configure:3080: result: no
configure:3085: checking for suffix of object files
configure:3107: gcc -c -fcommon  conftest.c >&5
configure:3111: $? = 0
configure:3132: result: o
configure:3136: checking whether we are using the GNU C compiler
configure:3155: gcc -c -fcommon  conftest.c >&5
configure:3155: $? = 0
configure:3164: result: yes
configure:3173: checking whether gcc accepts -g
configure:3193: gcc -c -g  conftest.c >&5
configure:3193: $? = 0
configure:3234: result: yes
configure:3251: checking for gcc option to accept ISO C89
configure:3315: gcc  -c -fcommon  conftest.c >&5
conftest.c:18:14: warning: a function definition without a prototype is deprecated in all versions of C and is not supported in C23 [-Wdeprecated-non-prototype]
   18 | static char *e (p, i)
      |              ^
1 warning generated.
configure:3315: $? = 0
configure:3328: result: none needed
configure:3359: checking for style of include used by make
configure:3387: result: GNU
configure:3412: checking dependency style of gcc
configure:3522: result: gcc3
configure:3544: checking build system type
configure:3558: result: armv8l-unknown-linux-gnueabi
configure:3578: checking host system type
configure:3591: result: armv8l-unknown-linux-gnueabi
configure:3663: checking how to run the C preprocessor
configure:3694: gcc -E  conftest.c
configure:3694: $? = 0
configure:3708: gcc -E  conftest.c
conftest.c:11:10: fatal error: 'ac_nonexistent.h' file not found
   11 | #include <ac_nonexistent.h>
      |          ^~~~~~~~~~~~~~~~~~
1 error generated.
configure:3708: $? = 1
configure: failed program was:
| /* confdefs.h */
| #define PACKAGE_NAME "dns2tcp"
| #define PACKAGE_TARNAME "dns2tcp"
| #define PACKAGE_VERSION "0.5.2"
| #define PACKAGE_STRING "dns2tcp 0.5.2"
| #define PACKAGE_BUGREPORT ""
| #define PACKAGE_URL ""
| #define PACKAGE "dns2tcp"
| #define VERSION "0.5.2"
| /* end confdefs.h.  */
| #include <ac_nonexistent.h>
configure:3733: result: gcc -E
configure:3753: gcc -E  conftest.c
configure:3753: $? = 0
configure:3767: gcc -E  conftest.c
conftest.c:11:10: fatal error: 'ac_nonexistent.h' file not found
   11 | #include <ac_nonexistent.h>
      |          ^~~~~~~~~~~~~~~~~~
1 error generated.
configure:3767: $? = 1
configure: failed program was:
| /* confdefs.h */
| #define PACKAGE_NAME "dns2tcp"
| #define PACKAGE_TARNAME "dns2tcp"
| #define PACKAGE_VERSION "0.5.2"
| #define PACKAGE_STRING "dns2tcp 0.5.2"
| #define PACKAGE_BUGREPORT ""
| #define PACKAGE_URL ""
| #define PACKAGE "dns2tcp"
| #define VERSION "0.5.2"
| /* end confdefs.h.  */
| #include <ac_nonexistent.h>
configure:3796: checking for grep that handles long lines and -e
configure:3854: result: /data/data/com.termux/files/usr/bin/grep
configure:3859: checking for egrep
configure:3921: result: /data/data/com.termux/files/usr/bin/grep -E
configure:3926: checking for ANSI C header files
configure:3946: gcc -c -fcommon -Wall -Wunused   conftest.c >&5
configure:3946: $? = 0
configure:4019: gcc -o conftest -fcommon -Wall -Wunused    conftest.c  >&5
configure:4019: $? = 0
configure:4019: ./conftest
configure:4019: $? = 0
configure:4030: result: yes
configure:4043: checking for sys/types.h
configure:4043: gcc -c -fcommon -Wall -Wunused   conftest.c >&5
configure:4043: $? = 0
configure:4043: result: yes
configure:4043: checking for sys/stat.h
configure:4043: gcc -c -fcommon -Wall -Wunused   conftest.c >&5
configure:4043: $? = 0
configure:4043: result: yes
configure:4043: checking for stdlib.h
configure:4043: gcc -c -fcommon -Wall -Wunused   conftest.c >&5
configure:4043: $? = 0
configure:4043: result: yes
configure:4043: checking for string.h
configure:4043: gcc -c -fcommon -Wall -Wunused   conftest.c >&5
configure:4043: $? = 0
configure:4043: result: yes
configure:4043: checking for memory.h
configure:4043: gcc -c -fcommon -Wall -Wunused   conftest.c >&5
configure:4043: $? = 0
configure:4043: result: yes
configure:4043: checking for strings.h
configure:4043: gcc -c -fcommon -Wall -Wunused   conftest.c >&5
configure:4043: $? = 0
configure:4043: result: yes
configure:4043: checking for inttypes.h
configure:4043: gcc -c -fcommon -Wall -Wunused   conftest.c >&5
configure:4043: $? = 0
configure:4043: result: yes
configure:4043: checking for stdint.h
configure:4043: gcc -c -fcommon -Wall -Wunused   conftest.c >&5
configure:4043: $? = 0
configure:4043: result: yes
configure:4043: checking for unistd.h
configure:4043: gcc -c -fcommon -Wall -Wunused   conftest.c >&5
configure:4043: $? = 0
configure:4043: result: yes
configure:4056: checking whether byte ordering is bigendian
configure:4071: gcc -c -fcommon -Wall -Wunused   conftest.c >&5
conftest.c:22:9: error: unknown type name 'not'
   22 |                not a universal capable compiler
      |                ^
conftest.c:22:14: error: expected ';' after top level declarator
   22 |                not a universal capable compiler
      |                     ^
      |                     ;
2 errors generated.
configure:4071: $? = 1
configure: failed program was:
| /* confdefs.h */
| #define PACKAGE_NAME "dns2tcp"
| #define PACKAGE_TARNAME "dns2tcp"
| #define PACKAGE_VERSION "0.5.2"
| #define PACKAGE_STRING "dns2tcp 0.5.2"
| #define PACKAGE_BUGREPORT ""
| #define PACKAGE_URL ""
| #define PACKAGE "dns2tcp"
| #define VERSION "0.5.2"
| #define STDC_HEADERS 1
| #define HAVE_SYS_TYPES_H 1
| #define HAVE_SYS_STAT_H 1
| #define HAVE_STDLIB_H 1
| #define HAVE_STRING_H 1
| #define HAVE_MEMORY_H 1
| #define HAVE_STRINGS_H 1
| #define HAVE_INTTYPES_H 1
| #define HAVE_STDINT_H 1
| #define HAVE_UNISTD_H 1
| /* end confdefs.h.  */
| #ifndef __APPLE_CC__
| 	       not a universal capable compiler
| 	     #endif
| 	     typedef int dummy;
| 
configure:4116: gcc -c -fcommon -Wall -Wunused   conftest.c >&5
configure:4116: $? = 0
configure:4134: gcc -c -fcommon -Wall -Wunused   conftest.c >&5
conftest.c:28:4: error: use of undeclared identifier 'not'
   28 |                  not big endian
      |                  ^~~
1 error generated.
configure:4134: $? = 1
configure: failed program was:
| /* confdefs.h */
| #define PACKAGE_NAME "dns2tcp"
| #define PACKAGE_TARNAME "dns2tcp"
| #define PACKAGE_VERSION "0.5.2"
| #define PACKAGE_STRING "dns2tcp 0.5.2"
| #define PACKAGE_BUGREPORT ""
| #define PACKAGE_URL ""
| #define PACKAGE "dns2tcp"
| #define VERSION "0.5.2"
| #define STDC_HEADERS 1
| #define HAVE_SYS_TYPES_H 1
| #define HAVE_SYS_STAT_H 1
| #define HAVE_STDLIB_H 1
| #define HAVE_STRING_H 1
| #define HAVE_MEMORY_H 1
| #define HAVE_STRINGS_H 1
| #define HAVE_INTTYPES_H 1
| #define HAVE_STDINT_H 1
| #define HAVE_UNISTD_H 1
| /* end confdefs.h.  */
| #include <sys/types.h>
| 		#include <sys/param.h>
| 
| int
| main ()
| {
| #if BYTE_ORDER != BIG_ENDIAN
| 		 not big endian
| 		#endif
| 
|   ;
|   return 0;
| }
configure:4262: result: no
configure:4282: checking for sys/types.h
configure:4282: result: yes
configure:4294: checking winsock2.h usability
configure:4294: gcc -c -fcommon -Wall -Wunused   conftest.c >&5
conftest.c:55:10: fatal error: 'winsock2.h' file not found
   55 | #include <winsock2.h>
      |          ^~~~~~~~~~~~
1 error generated.
configure:4294: $? = 1
configure: failed program was:
| /* confdefs.h */
| #define PACKAGE_NAME "dns2tcp"
| #define PACKAGE_TARNAME "dns2tcp"
| #define PACKAGE_VERSION "0.5.2"
| #define PACKAGE_STRING "dns2tcp 0.5.2"
| #define PACKAGE_BUGREPORT ""
| #define PACKAGE_URL ""
| #define PACKAGE "dns2tcp"
| #define VERSION "0.5.2"
| #define STDC_HEADERS 1
| #define HAVE_SYS_TYPES_H 1
| #define HAVE_SYS_STAT_H 1
| #define HAVE_STDLIB_H 1
| #define HAVE_STRING_H 1
| #define HAVE_MEMORY_H 1
| #define HAVE_STRINGS_H 1
| #define HAVE_INTTYPES_H 1
| #define HAVE_STDINT_H 1
| #define HAVE_UNISTD_H 1
| #define HAVE_SYS_TYPES_H 1
| /* end confdefs.h.  */
| #include <stdio.h>
| #ifdef HAVE_SYS_TYPES_H
| # include <sys/types.h>
| #endif
| #ifdef HAVE_SYS_STAT_H
| # include <sys/stat.h>
| #endif
| #ifdef STDC_HEADERS
| # include <stdlib.h>
| # include <stddef.h>
| #else
| # ifdef HAVE_STDLIB_H
| #  include <stdlib.h>
| # endif
| #endif
| #ifdef HAVE_STRING_H
| # if !defined STDC_HEADERS && defined HAVE_MEMORY_H
| #  include <memory.h>
| # endif
| # include <string.h>
| #endif
| #ifdef HAVE_STRINGS_H
| # include <strings.h>
| #endif
| #ifdef HAVE_INTTYPES_H
| # include <inttypes.h>
| #endif
| #ifdef HAVE_STDINT_H
| # include <stdint.h>
| #endif
| #ifdef HAVE_UNISTD_H
| # include <unistd.h>
| #endif
| #include <winsock2.h>
configure:4294: result: no
configure:4294: checking winsock2.h presence
configure:4294: gcc -E  conftest.c
conftest.c:22:10: fatal error: 'winsock2.h' file not found
   22 | #include <winsock2.h>
      |          ^~~~~~~~~~~~
1 error generated.
configure:4294: $? = 1
configure: failed program was:
| /* confdefs.h */
| #define PACKAGE_NAME "dns2tcp"
| #define PACKAGE_TARNAME "dns2tcp"
| #define PACKAGE_VERSION "0.5.2"
| #define PACKAGE_STRING "dns2tcp 0.5.2"
| #define PACKAGE_BUGREPORT ""
| #define PACKAGE_URL ""
| #define PACKAGE "dns2tcp"
| #define VERSION "0.5.2"
| #define STDC_HEADERS 1
| #define HAVE_SYS_TYPES_H 1
| #define HAVE_SYS_STAT_H 1
| #define HAVE_STDLIB_H 1
| #define HAVE_STRING_H 1
| #define HAVE_MEMORY_H 1
| #define HAVE_STRINGS_H 1
| #define HAVE_INTTYPES_H 1
| #define HAVE_STDINT_H 1
| #define HAVE_UNISTD_H 1
| #define HAVE_SYS_TYPES_H 1
| /* end confdefs.h.  */
| #include <winsock2.h>
configure:4294: result: no
configure:4294: checking for winsock2.h
configure:4294: result: no
configure:4304: checking for library containing gethostent
configure:4335: gcc -o conftest -fcommon -Wall -Wunused    conftest.c  >&5
configure:4335: $? = 0
configure:4352: result: none required
configure:4360: checking for library containing setsockopt
configure:4391: gcc -o conftest -fcommon -Wall -Wunused    conftest.c  >&5
configure:4391: $? = 0
configure:4408: result: none required
configure:4540: creating ./config.status

## ---------------------- ##
## Running config.status. ##
## ---------------------- ##

This file was extended by dns2tcp config.status 0.5.2, which was
generated by GNU Autoconf 2.65.  Invocation command line was

  CONFIG_FILES    = 
  CONFIG_HEADERS  = 
  CONFIG_LINKS    = 
  CONFIG_COMMANDS = 
  $ ./config.status 

on localhost

config.status:864: creating Makefile
config.status:864: creating client/Makefile
config.status:864: creating server/Makefile
config.status:864: creating man/Makefile
config.status:864: creating config.h
config.status:1084: executing depfiles commands

## ---------------- ##
## Cache variables. ##
## ---------------- ##

ac_cv_build='armv8l-unknown-linux-gnueabi'
ac_cv_c_bigendian='no'
ac_cv_c_compiler_gnu='yes'
ac_cv_env_CC_set=''
ac_cv_env_CC_value=''
ac_cv_env_CFLAGS_set='set'
ac_cv_env_CFLAGS_value='-fcommon'
ac_cv_env_CPPFLAGS_set=''
ac_cv_env_CPPFLAGS_value=''
ac_cv_env_CPP_set=''
ac_cv_env_CPP_value=''
ac_cv_env_LDFLAGS_set=''
ac_cv_env_LDFLAGS_value=''
ac_cv_env_LIBS_set=''
ac_cv_env_LIBS_value=''
ac_cv_env_build_alias_set=''
ac_cv_env_build_alias_value=''
ac_cv_env_host_alias_set=''
ac_cv_env_host_alias_value=''
ac_cv_env_target_alias_set=''
ac_cv_env_target_alias_value=''
ac_cv_header_inttypes_h='yes'
ac_cv_header_memory_h='yes'
ac_cv_header_stdc='yes'
ac_cv_header_stdint_h='yes'
ac_cv_header_stdlib_h='yes'
ac_cv_header_string_h='yes'
ac_cv_header_strings_h='yes'
ac_cv_header_sys_stat_h='yes'
ac_cv_header_sys_types_h='yes'
ac_cv_header_unistd_h='yes'
ac_cv_header_winsock2_h='no'
ac_cv_host='armv8l-unknown-linux-gnueabi'
ac_cv_objext='o'
ac_cv_path_EGREP='/data/data/com.termux/files/usr/bin/grep -E'
ac_cv_path_GREP='/data/data/com.termux/files/usr/bin/grep'
ac_cv_path_install='/data/data/com.termux/files/usr/bin/install -c'
ac_cv_path_mkdir='/data/data/com.termux/files/usr/bin/mkdir'
ac_cv_prog_AWK='gawk'
ac_cv_prog_CPP='gcc -E'
ac_cv_prog_ac_ct_CC='gcc'
ac_cv_prog_cc_c89=''
ac_cv_prog_cc_g='yes'
ac_cv_prog_make_make_set='yes'
ac_cv_search_gethostent='none required'
ac_cv_search_setsockopt='none required'
am_cv_CC_dependencies_compiler_type='gcc3'

## ----------------- ##
## Output variables. ##
## ----------------- ##

ACLOCAL='${SHELL} /data/data/com.termux/files/home/dns2tcp-0.5.2/missing --run aclocal-1.11'
AMDEPBACKSLASH='\'
AMDEP_FALSE='#'
AMDEP_TRUE=''
AMTAR='${SHELL} /data/data/com.termux/files/home/dns2tcp-0.5.2/missing --run tar'
AUTOCONF='${SHELL} /data/data/com.termux/files/home/dns2tcp-0.5.2/missing --run autoconf'
AUTOHEADER='${SHELL} /data/data/com.termux/files/home/dns2tcp-0.5.2/missing --run autoheader'
AUTOMAKE='${SHELL} /data/data/com.termux/files/home/dns2tcp-0.5.2/missing --run automake-1.11'
AWK='gawk'
CC='gcc'
CCDEPMODE='depmode=gcc3'
CFLAGS='-fcommon -Wall -Wunused '
CPP='gcc -E'
CPPFLAGS=''
CYGPATH_W='echo'
DEFS='-DHAVE_CONFIG_H'
DEPDIR='.deps'
DIRECTORIES='server client'
ECHO_C=''
ECHO_N='-n'
ECHO_T=''
EGREP='/data/data/com.termux/files/usr/bin/grep -E'
EXEEXT=''
GREP='/data/data/com.termux/files/usr/bin/grep'
INSTALL_DATA='${INSTALL} -m 644'
INSTALL_PROGRAM='${INSTALL}'
INSTALL_SCRIPT='${INSTALL}'
INSTALL_STRIP_PROGRAM='$(install_sh) -c -s'
LDFLAGS=''
LIBOBJS=''
LIBS=''
LTLIBOBJS=''
MAKEINFO='${SHELL} /data/data/com.termux/files/home/dns2tcp-0.5.2/missing --run makeinfo'
MAN_PAGES='dns2tcpd.1 dns2tcpc.1'
MKDIR_P='/data/data/com.termux/files/usr/bin/mkdir -p'
OBJEXT='o'
PACKAGE='dns2tcp'
PACKAGE_BUGREPORT=''
PACKAGE_NAME='dns2tcp'
PACKAGE_STRING='dns2tcp 0.5.2'
PACKAGE_TARNAME='dns2tcp'
PACKAGE_URL=''
PACKAGE_VERSION='0.5.2'
PATH_SEPARATOR=':'
SET_MAKE=''
SHELL='/bin/sh'
STRIP=''
VERSION='0.5.2'
ac_ct_CC='gcc'
am__EXEEXT_FALSE=''
am__EXEEXT_TRUE='#'
am__fastdepCC_FALSE='#'
am__fastdepCC_TRUE=''
am__include='include'
am__isrc=''
am__leading_dot='.'
am__quote=''
am__tar='${AMTAR} chof - "$$tardir"'
am__untar='${AMTAR} xf -'
bindir='${exec_prefix}/bin'
build='armv8l-unknown-linux-gnueabi'
build_alias=''
build_cpu='armv8l'
build_os='linux-gnueabi'
build_vendor='unknown'
datadir='${datarootdir}'
datarootdir='${prefix}/share'
docdir='${datarootdir}/doc/${PACKAGE_TARNAME}'
dvidir='${docdir}'
exec_prefix='${prefix}'
host='armv8l-unknown-linux-gnueabi'
host_alias=''
host_cpu='armv8l'
host_os='linux-gnueabi'
host_vendor='unknown'
htmldir='${docdir}'
includedir='${prefix}/include'
infodir='${datarootdir}/info'
install_sh='${SHELL} /data/data/com.termux/files/home/dns2tcp-0.5.2/install-sh'
libdir='${exec_prefix}/lib'
libexecdir='${exec_prefix}/libexec'
localedir='${datarootdir}/locale'
localstatedir='${prefix}/var'
mandir='${datarootdir}/man'
mkdir_p='/data/data/com.termux/files/usr/bin/mkdir -p'
oldincludedir='/usr/include'
pdfdir='${docdir}'
prefix='/usr/local'
program_transform_name='s,x,x,'
psdir='${docdir}'
sbindir='${exec_prefix}/sbin'
sharedstatedir='${prefix}/com'
sysconfdir='${prefix}/etc'
target_alias=''

## ----------- ##
## confdefs.h. ##
## ----------- ##

/* confdefs.h */
#define PACKAGE_NAME "dns2tcp"
#define PACKAGE_TARNAME "dns2tcp"
#define PACKAGE_VERSION "0.5.2"
#define PACKAGE_STRING "dns2tcp 0.5.2"
#define PACKAGE_BUGREPORT ""
#define PACKAGE_URL ""
#define PACKAGE "dns2tcp"
#define VERSION "0.5.2"
#define STDC_HEADERS 1
#define HAVE_SYS_TYPES_H 1
#define HAVE_SYS_STAT_H 1
#define HAVE_STDLIB_H 1
#define HAVE_STRING_H 1
#define HAVE_MEMORY_H 1
#define HAVE_STRINGS_H 1
#define HAVE_INTTYPES_H 1
#define HAVE_STDINT_H 1
#define HAVE_UNISTD_H 1
#define HAVE_SYS_TYPES_H 1

configure: exit 0
